practicasdossiernative/android/app/build/intermediates/manifest_merge_blame_file/debug/manifest-merger-blame-debug-report.txt
1<?xml version="1.0" encoding="utf-8"?>
2<manifest xmlns:android="http://schemas.android.com/apk/res/android"
3    package="com.practicasdossiernative"
4    android:versionCode="1"
5    android:versionName="1.0" >
6
7    <uses-sdk
8        android:minSdkVersion="21"
9        android:targetSdkVersion="33" />
10
11    <uses-permission android:name="android.permission.SYSTEM_ALERT_WINDOW" />
11-->src\debug\AndroidManifest.xml:5:5-77
11-->src\debug\AndroidManifest.xml:5:22-75
12    <uses-permission android:name="android.permission.INTERNET" />
12-->src\main\AndroidManifest.xml:3:5-67
12-->src\main\AndroidManifest.xml:3:22-64
13    <uses-permission android:name="android.permission.ACCESS_BACKGROUND_LOCATION" />
13-->src\main\AndroidManifest.xml:4:3-83
13-->src\main\AndroidManifest.xml:4:20-80
14    <uses-permission android:name="android.permission.ACCESS_COARSE_LOCATION" />
14-->src\main\AndroidManifest.xml:5:3-79
14-->src\main\AndroidManifest.xml:5:20-76
15    <uses-permission android:name="android.permission.ACCESS_FINE_LOCATION" />
15-->src\main\AndroidManifest.xml:6:3-77
15-->src\main\AndroidManifest.xml:6:20-74
16    <uses-permission android:name="android.permission.ACCESS_MEDIA_LOCATION" />
16-->src\main\AndroidManifest.xml:7:3-78
16-->src\main\AndroidManifest.xml:7:20-75
17    <uses-permission android:name="android.permission.ACCESS_WIFI_STATE" />
17-->[com.facebook.flipper:flipper:0.182.0] AndroidManifest.xml:16:5-76
17-->[com.facebook.flipper:flipper:0.182.0] AndroidManifest.xml:16:22-73
18
19    <application
19-->src\main\AndroidManifest.xml:9:5-28:19
20        android:name="com.practicasdossiernative.MainApplication"
20-->src\main\AndroidManifest.xml:10:7-38
21        android:allowBackup="false"
21-->src\main\AndroidManifest.xml:14:7-34
22        android:appComponentFactory="androidx.core.app.CoreComponentFactory"
22-->[androidx.core:core:1.8.0] AndroidManifest.xml:24:18-86
23        android:debuggable="true"
24        android:icon="@mipmap/ic_launcher"
24-->src\main\AndroidManifest.xml:12:7-41
25        android:label="@string/app_name"
25-->src\main\AndroidManifest.xml:11:7-39
26        android:roundIcon="@mipmap/ic_launcher_round"
26-->src\main\AndroidManifest.xml:13:7-52
27        android:theme="@style/AppTheme"
27-->src\main\AndroidManifest.xml:15:7-38
28        android:usesCleartextTraffic="true" >
28-->src\debug\AndroidManifest.xml:8:9-44
29        <activity
29-->src\debug\AndroidManifest.xml:11:9-111
30            android:name="com.facebook.react.devsupport.DevSettingsActivity"
30-->src\debug\AndroidManifest.xml:11:19-83
31            android:exported="false" />
31-->src\debug\AndroidManifest.xml:11:84-108
32        <activity
32-->src\main\AndroidManifest.xml:16:7-27:18
33            android:name="com.practicasdossiernative.MainActivity"
33-->src\main\AndroidManifest.xml:17:9-37
34            android:configChanges="keyboard|keyboardHidden|orientation|screenLayout|screenSize|smallestScreenSize|uiMode"
34-->src\main\AndroidManifest.xml:19:9-118
35            android:exported="true"
35-->src\main\AndroidManifest.xml:22:9-32
36            android:label="@string/app_name"
36-->src\main\AndroidManifest.xml:18:9-41
37            android:launchMode="singleTask"
37-->src\main\AndroidManifest.xml:20:9-40
38            android:windowSoftInputMode="adjustResize" >
38-->src\main\AndroidManifest.xml:21:9-51
39            <intent-filter>
39-->src\main\AndroidManifest.xml:23:9-26:25
40                <action android:name="android.intent.action.MAIN" />
40-->src\main\AndroidManifest.xml:24:13-65
40-->src\main\AndroidManifest.xml:24:21-62
41
42                <category android:name="android.intent.category.LAUNCHER" />
42-->src\main\AndroidManifest.xml:25:13-73
42-->src\main\AndroidManifest.xml:25:23-70
43            </intent-filter>
44        </activity>
45
46        <provider
46-->[:react-native-webview] AndroidManifest.xml:8:9-16:20
47            android:name="com.reactnativecommunity.webview.RNCWebViewFileProvider"
47-->[:react-native-webview] AndroidManifest.xml:9:13-83
48            android:authorities="com.practicasdossiernative.fileprovider"
48-->[:react-native-webview] AndroidManifest.xml:10:13-64
49            android:exported="false"
49-->[:react-native-webview] AndroidManifest.xml:11:13-37
50            android:grantUriPermissions="true" >
50-->[:react-native-webview] AndroidManifest.xml:12:13-47
51            <meta-data
51-->[:react-native-webview] AndroidManifest.xml:13:13-15:63
52                android:name="android.support.FILE_PROVIDER_PATHS"
52-->[:react-native-webview] AndroidManifest.xml:14:17-67
53                android:resource="@xml/file_provider_paths" />
53-->[:react-native-webview] AndroidManifest.xml:15:17-60
54        </provider>
55
56        <activity
56-->[com.google.android.gms:play-services-base:17.5.0] AndroidManifest.xml:23:9-26:75
57            android:name="com.google.android.gms.common.api.GoogleApiActivity"
57-->[com.google.android.gms:play-services-base:17.5.0] AndroidManifest.xml:24:13-79
58            android:exported="false"
58-->[com.google.android.gms:play-services-base:17.5.0] AndroidManifest.xml:25:13-37
59            android:theme="@android:style/Theme.Translucent.NoTitleBar" />
59-->[com.google.android.gms:play-services-base:17.5.0] AndroidManifest.xml:26:13-72
60
61        <meta-data
61-->[com.google.android.gms:play-services-basement:17.5.0] AndroidManifest.xml:23:9-25:69
62            android:name="com.google.android.gms.version"
62-->[com.google.android.gms:play-services-basement:17.5.0] AndroidManifest.xml:24:13-58
63            android:value="@integer/google_play_services_version" />
63-->[com.google.android.gms:play-services-basement:17.5.0] AndroidManifest.xml:25:13-66
64        <meta-data
64-->[com.facebook.soloader:soloader:0.10.5] AndroidManifest.xml:12:9-14:37
65            android:name="com.facebook.soloader.enabled"
65-->[com.facebook.soloader:soloader:0.10.5] AndroidManifest.xml:13:13-57
66            android:value="false" />
66-->[com.facebook.soloader:soloader:0.10.5] AndroidManifest.xml:14:13-34
67
68        <provider
68-->[androidx.emoji2:emoji2:1.2.0] AndroidManifest.xml:24:9-32:20
69            android:name="androidx.startup.InitializationProvider"
69-->[androidx.emoji2:emoji2:1.2.0] AndroidManifest.xml:25:13-67
70            android:authorities="com.practicasdossiernative.androidx-startup"
70-->[androidx.emoji2:emoji2:1.2.0] AndroidManifest.xml:26:13-68
71            android:exported="false" >
71-->[androidx.emoji2:emoji2:1.2.0] AndroidManifest.xml:27:13-37
72            <meta-data
72-->[androidx.emoji2:emoji2:1.2.0] AndroidManifest.xml:29:13-31:52
73                android:name="androidx.emoji2.text.EmojiCompatInitializer"
73-->[androidx.emoji2:emoji2:1.2.0] AndroidManifest.xml:30:17-75
74                android:value="androidx.startup" />
74-->[androidx.emoji2:emoji2:1.2.0] AndroidManifest.xml:31:17-49
75            <meta-data
75-->[androidx.lifecycle:lifecycle-process:2.4.1] AndroidManifest.xml:31:13-33:52
76                android:name="androidx.lifecycle.ProcessLifecycleInitializer"
76-->[androidx.lifecycle:lifecycle-process:2.4.1] AndroidManifest.xml:32:17-78
77                android:value="androidx.startup" />
77-->[androidx.lifecycle:lifecycle-process:2.4.1] AndroidManifest.xml:33:17-49
78        </provider>
79    </application>
80
81</manifest>